<?xml version="1.0" encoding="UTF-8"?>
<testsuite xmlns:xsi="http://www.w3.org/2001/XMLSchema-instance" xsi:noNamespaceSchemaLocation="https://maven.apache.org/surefire/maven-surefire-plugin/xsd/surefire-test-report.xsd" name="TicTacToeTest" time="0.313" tests="8" errors="0" skipped="0" failures="0">
  <properties>
[...]
</properties>
  <testcase name="testPrintMinMax" classname="TicTacToeTest" time="0.078"/>
  <testcase name="testMax1" classname="TicTacToeTest" time="0.001"/>
  <testcase name="testMax2" classname="TicTacToeTest" time="0.001"/>
  <testcase name="testMax3" classname="TicTacToeTest" time="0.001"/>
  <testcase name="testMin1" classname="TicTacToeTest" time="0"/>
  <testcase name="testMin2" classname="TicTacToeTest" time="0.001"/>
  <testcase name="testMin3" classname="TicTacToeTest" time="0.005"/>
  <testcase name="testPrintList" classname="TicTacToeTest" time="0.047"/>
</testsuite>